-------------------------------------------------------------------------------
Test set: com.example.test.employee.demo.repositary.EmployeeRepositoryTest
-------------------------------------------------------------------------------
Tests run: 4, Failures: 0, Errors: 1, Skipped: 0, Time elapsed: 8.271 s <<< FAILURE! - in com.example.test.employee.demo.repositary.EmployeeRepositoryTest
saveEmployee  Time elapsed: 0.234 s  <<< ERROR!
org.springframework.dao.DataIntegrityViolationException: could not execute statement; SQL [n/a]; constraint [employee.UK_odn8qickwu9b1cyays9cv6w2]; nested exception is org.hibernate.exception.ConstraintViolationException: could not execute statement
	at com.example.test.employee.demo.repositary.EmployeeRepositoryTest.saveEmployee(EmployeeRepositoryTest.java:54)
Caused by: org.hibernate.exception.ConstraintViolationException: could not execute statement
	at com.example.test.employee.demo.repositary.EmployeeRepositoryTest.saveEmployee(EmployeeRepositoryTest.java:54)
Caused by: java.sql.SQLIntegrityConstraintViolationException: Duplicate entry '6' for key 'employee.UK_odn8qickwu9b1cyays9cv6w2'
	at com.example.test.employee.demo.repositary.EmployeeRepositoryTest.saveEmployee(EmployeeRepositoryTest.java:54)

