<?xml version="1.0" encoding="UTF-8"?>
<testsuite xmlns:xsi="http://www.w3.org/2001/XMLSchema-instance" xsi:noNamespaceSchemaLocation="https://maven.apache.org/surefire/maven-surefire-plugin/xsd/surefire-test-report.xsd" name="com.example.test.employee.demo.repositary.EmployeeRepositoryTest" time="8.271" tests="4" errors="1" skipped="0" failures="0">
  <properties>
[...]
</properties>
  <testcase name="deleteByEmployeeId" classname="com.example.test.employee.demo.repositary.EmployeeRepositoryTest" time="0.437"/>
  <testcase name="findById" classname="com.example.test.employee.demo.repositary.EmployeeRepositoryTest" time="0.094"/>
  <testcase name="updateById" classname="com.example.test.employee.demo.repositary.EmployeeRepositoryTest" time="0.016"/>
  <testcase name="saveEmployee" classname="com.example.test.employee.demo.repositary.EmployeeRepositoryTest" time="0.234">
    <error message="could not execute statement; SQL [n/a]; constraint [employee.UK_odn8qickwu9b1cyays9cv6w2]; nested exception is org.hibernate.exception.ConstraintViolationException: could not execute statement" type="org.springframework.dao.DataIntegrityViolationException">org.springframework.dao.DataIntegrityViolationException: could not execute statement; SQL [n/a]; constraint [employee.UK_odn8qickwu9b1cyays9cv6w2]; nested exception is org.hibernate.exception.ConstraintViolationException: could not execute statement
	at com.example.test.employee.demo.repositary.EmployeeRepositoryTest.saveEmployee(EmployeeRepositoryTest.java:54)
Caused by: org.hibernate.exception.ConstraintViolationException: could not execute statement
	at com.example.test.employee.demo.repositary.EmployeeRepositoryTest.saveEmployee(EmployeeRepositoryTest.java:54)
Caused by: java.sql.SQLIntegrityConstraintViolationException: Duplicate entry '6' for key 'employee.UK_odn8qickwu9b1cyays9cv6w2'
	at com.example.test.employee.demo.repositary.EmployeeRepositoryTest.saveEmployee(EmployeeRepositoryTest.java:54)
</error>
    <system-out><![CDATA[Hibernate: select employee0_.id as id1_0_2_, employee0_.birthday as birthday2_0_2_, employee0_.contract_expiration_date as contract3_0_2_, employee0_.email as email4_0_2_, employee0_.first_name as first_na5_0_2_, employee0_.hiring_date as hiring_d6_0_2_, employee0_.last_name as last_nam7_0_2_, employee0_.office_id as office_i9_0_2_, employee0_.phone_number as phone_nu8_0_2_, employee0_.role_id as role_id10_0_2_, office1_.id as id1_1_0_, office1_.cap as cap2_1_0_, office1_.street as street3_1_0_, role2_.id as id1_2_1_, role2_.description as descript2_2_1_, role2_.type as type3_2_1_ from employee employee0_ inner join office office1_ on employee0_.office_id=office1_.id inner join role role2_ on employee0_.role_id=role2_.id where employee0_.id=?
Hibernate: select next_val as id_val from employee_sequence for update
Hibernate: update employee_sequence set next_val= ? where next_val=?
Hibernate: insert into employee (birthday, contract_expiration_date, email, first_name, hiring_date, last_name, office_id, phone_number, role_id, id) values (?, ?, ?, ?, ?, ?, ?, ?, ?, ?)
2022-04-03 15:17:03.320  WARN 3668 --- [           main] o.h.engine.jdbc.spi.SqlExceptionHelper   : SQL Error: 1062, SQLState: 23000
2022-04-03 15:17:03.320 ERROR 3668 --- [           main] o.h.engine.jdbc.spi.SqlExceptionHelper   : Duplicate entry '6' for key 'employee.UK_odn8qickwu9b1cyays9cv6w2'
2022-04-03 15:17:03.320  INFO 3668 --- [           main] o.h.e.j.b.internal.AbstractBatchImpl     : HHH000010: On release of batch it still contained JDBC statements
]]></system-out>
  </testcase>
</testsuite>